<?xml version="1.0" encoding="UTF-8"?>
<!-- Generated by org.testng.reporters.JUnitReportReporter -->
<testsuite skipped="0" hostname="DESKTOP-663MT7H" name="com.obsqura.Testscripts.ManagePageTest" tests="3" failures="0" timestamp="2023-05-03T15:53:02 IST" time="45.376" errors="0">
  <testcase name="verifyTheFunctionalityOfNewButtonColor" time="13.006" classname="com.obsqura.Testscripts.ManagePageTest"/>
  <system-out/>
  <testcase name="verifyAddNewPageFunctionality" time="20.040" classname="com.obsqura.Testscripts.ManagePageTest"/>
  <system-out/>
  <testcase name="verifytheFunctionalityOfSearchButton" time="12.330" classname="com.obsqura.Testscripts.ManagePageTest"/>
  <system-out/>
</testsuite> <!-- com.obsqura.Testscripts.ManagePageTest -->
