<?xml version="1.0" encoding="UTF-8"?>
<!-- Generated by org.testng.reporters.JUnitReportReporter -->
<testsuite skipped="0" hostname="DESKTOP-663MT7H" name="com.obsqura.Testscripts.HomePageTest" tests="2" failures="0" timestamp="2023-05-03T15:53:02 IST" time="21.248" errors="0">
  <testcase name="verifyTitleisDisplayedOnTheHomePage" time="9.338" classname="com.obsqura.Testscripts.HomePageTest"/>
  <system-out/>
  <testcase name="verifyManageProductMoreInfoLinkisRedirectingToListProductPage" time="11.910" classname="com.obsqura.Testscripts.HomePageTest"/>
  <system-out/>
</testsuite> <!-- com.obsqura.Testscripts.HomePageTest -->
