<?xml version="1.0" encoding="UTF-8"?>
<!-- Generated by org.testng.reporters.JUnitReportReporter -->
<testsuite skipped="0" hostname="DESKTOP-663MT7H" name="com.obsqura.Testscripts.DeliveryBoyTest" tests="3" failures="0" timestamp="2023-05-03T15:53:02 IST" time="51.848" errors="0">
  <testcase name="verifyDeliveryboyPasswordIsDisplayed" time="13.280" classname="com.obsqura.Testscripts.DeliveryBoyTest"/>
  <system-out/>
  <testcase name="verifyDeleteButtonFunctionality" time="16.020" classname="com.obsqura.Testscripts.DeliveryBoyTest"/>
  <system-out/>
  <testcase name="verifyNewButtonFunctionality" time="22.548" classname="com.obsqura.Testscripts.DeliveryBoyTest"/>
  <system-out/>
</testsuite> <!-- com.obsqura.Testscripts.DeliveryBoyTest -->
