<?xml version="1.0" encoding="UTF-8"?>
<!-- Generated by org.testng.reporters.JUnitReportReporter -->
<testsuite skipped="0" hostname="DESKTOP-663MT7H" name="com.obsqura.Testscripts.LoginTest" tests="4" failures="0" timestamp="2023-05-03T15:53:02 IST" time="33.208" errors="0">
  <testcase name="verifyLoginwithValidUseranmeAndPassword" time="10.285" classname="com.obsqura.Testscripts.LoginTest"/>
  <system-out/>
  <testcase name="verifyLoginpagewithInValidUsernameAndPassword" time="7.068" classname="com.obsqura.Testscripts.LoginTest"/>
  <system-out/>
  <testcase name="verifyloginwithInvalidUserName" time="8.174" classname="com.obsqura.Testscripts.LoginTest"/>
  <system-out/>
  <testcase name="verifyloginwithInvalidUserName" time="7.681" classname="com.obsqura.Testscripts.LoginTest"/>
  <system-out/>
</testsuite> <!-- com.obsqura.Testscripts.LoginTest -->
