<?xml version="1.0" encoding="UTF-8"?>
<!-- Generated by org.testng.reporters.JUnitReportReporter -->
<testsuite skipped="0" hostname="DESKTOP-663MT7H" name="com.obsqura.Testscripts.AdminUsersTest" tests="4" failures="0" timestamp="2023-05-03T15:53:02 IST" time="58.766" errors="0">
  <testcase name="verifyStatusChangedFunctionality" time="15.194" classname="com.obsqura.Testscripts.AdminUsersTest"/>
  <system-out/>
  <testcase name="verifyCancelButtonFunctionalityOfPopUpWindow" time="16.520" classname="com.obsqura.Testscripts.AdminUsersTest"/>
  <system-out/>
  <testcase name="verifyNewButtonFunctionality" time="14.676" classname="com.obsqura.Testscripts.AdminUsersTest"/>
  <system-out/>
  <testcase name="verifyDeleteFunctionality" time="12.376" classname="com.obsqura.Testscripts.AdminUsersTest"/>
  <system-out/>
</testsuite> <!-- com.obsqura.Testscripts.AdminUsersTest -->
