<?xml version="1.0" encoding="UTF-8"?>
<!-- Generated by org.testng.reporters.JUnitReportReporter -->
<testsuite skipped="0" hostname="DESKTOP-663MT7H" name="com.obsqura.Testscripts.ManageSliderTest" tests="1" failures="0" timestamp="2023-05-03T15:53:02 IST" time="13.038" errors="0">
  <testcase name="verifyFuntionalityOfUploadbutton" time="13.038" classname="com.obsqura.Testscripts.ManageSliderTest"/>
  <system-out/>
</testsuite> <!-- com.obsqura.Testscripts.ManageSliderTest -->
