<?xml version="1.0" encoding="UTF-8"?>
<!-- Generated by org.testng.reporters.JUnitReportReporter -->
<testsuite skipped="0" hostname="DESKTOP-663MT7H" name="com.obsqura.Testscripts.LoginPageTest" tests="1" failures="0" timestamp="2023-04-15T13:02:56 IST" time="26.917" errors="0">
  <testcase name="LoginpageValidCredentials" time="26.917" classname="com.obsqura.Testscripts.LoginPageTest"/>
  <system-out/>
</testsuite> <!-- com.obsqura.Testscripts.LoginPageTest -->
