<?xml version="1.0" encoding="UTF-8"?>
<!-- Generated by org.testng.reporters.JUnitReportReporter -->
<testsuite skipped="0" hostname="DESKTOP-663MT7H" name="com.obsqura.Testscripts.ManageExpenseTest" tests="3" failures="0" timestamp="2023-05-03T15:53:02 IST" time="49.214" errors="0">
  <testcase name="verifydeleteButtonfunctionality" time="16.949" classname="com.obsqura.Testscripts.ManageExpenseTest"/>
  <system-out/>
  <testcase name="verifyEditfunctionalityofExpenseCategory" time="16.147" classname="com.obsqura.Testscripts.ManageExpenseTest"/>
  <system-out/>
  <testcase name="verifyViewMoreButtonFunctionality" time="16.118" classname="com.obsqura.Testscripts.ManageExpenseTest"/>
  <system-out/>
</testsuite> <!-- com.obsqura.Testscripts.ManageExpenseTest -->
