<?xml version="1.0" encoding="UTF-8"?>
<!-- Generated by org.testng.reporters.JUnitReportReporter -->
<testsuite skipped="0" hostname="DESKTOP-663MT7H" name="com.obsqura.Testscripts.ManageOrdersTest" tests="4" failures="0" timestamp="2023-05-03T15:53:02 IST" time="59.310" errors="0">
  <testcase name="verifyViewDetailsFunctionalityOfDeliveryProcess" time="13.071" classname="com.obsqura.Testscripts.ManageOrdersTest"/>
  <system-out/>
  <testcase name="verifyAssigningFunctionalityofDeliveryboyPage" time="13.267" classname="com.obsqura.Testscripts.ManageOrdersTest"/>
  <system-out/>
  <testcase name="verifyBackbuttonfunctionality" time="16.321" classname="com.obsqura.Testscripts.ManageOrdersTest"/>
  <system-out/>
  <testcase name="verifyChangeDeliveryStatusFunctionality" time="16.651" classname="com.obsqura.Testscripts.ManageOrdersTest"/>
  <system-out/>
</testsuite> <!-- com.obsqura.Testscripts.ManageOrdersTest -->
