<?xml version="1.0" encoding="UTF-8"?>
<!-- Generated by org.testng.reporters.JUnitReportReporter -->
<testsuite skipped="0" hostname="DESKTOP-663MT7H" name="com.obsqura.Testscripts.MAnageNewsTest" tests="1" failures="0" timestamp="2023-05-03T15:53:02 IST" time="14.766" errors="0">
  <testcase name="verifyAddNewNewsFunctionality" time="14.766" classname="com.obsqura.Testscripts.MAnageNewsTest"/>
  <system-out/>
</testsuite> <!-- com.obsqura.Testscripts.MAnageNewsTest -->
