<?xml version="1.0" encoding="UTF-8"?>
<!-- Generated by org.testng.reporters.JUnitReportReporter -->
<testsuite skipped="0" hostname="DESKTOP-663MT7H" name="com.obsqura.Testscripts.ManageLocationTest" tests="2" failures="0" timestamp="2023-05-03T15:53:02 IST" time="35.849" errors="0">
  <testcase name="verifyNewButtonfunctionalityOfManageLocationPage" time="19.097" classname="com.obsqura.Testscripts.ManageLocationTest"/>
  <system-out/>
  <testcase name="verifysearchFunctionality" time="16.752" classname="com.obsqura.Testscripts.ManageLocationTest"/>
  <system-out/>
</testsuite> <!-- com.obsqura.Testscripts.ManageLocationTest -->
