<?xml version="1.0" encoding="UTF-8"?>
<!-- Generated by org.testng.reporters.JUnitReportReporter -->
<testsuite skipped="0" hostname="DESKTOP-663MT7H" name="com.obsqura.Testscripts.ManagePaymentTest" tests="3" failures="0" timestamp="2023-05-03T15:53:02 IST" time="38.199" errors="0">
  <testcase name="verifyUpdateButtonFunctionality" time="11.592" classname="com.obsqura.Testscripts.ManagePaymentTest"/>
  <system-out/>
  <testcase name="verifyTheFunctionalityOfStatusButton" time="13.996" classname="com.obsqura.Testscripts.ManagePaymentTest"/>
  <system-out/>
  <testcase name="verifyResetButtonfunctionality" time="12.611" classname="com.obsqura.Testscripts.ManagePaymentTest"/>
  <system-out/>
</testsuite> <!-- com.obsqura.Testscripts.ManagePaymentTest -->
