<?xml version="1.0" encoding="UTF-8"?>
<!-- Generated by org.testng.reporters.JUnitReportReporter -->
<testsuite skipped="0" hostname="DESKTOP-663MT7H" name="com.obsqura.Testscripts.ManageLocationTest" tests="2" failures="0" timestamp="2023-05-01T13:33:29 IST" time="29.483" errors="0">
  <testcase name="addnewLocationTotheManageLocationPage" time="17.182" classname="com.obsqura.Testscripts.ManageLocationTest"/>
  <system-out/>
  <testcase name="searchLoactionfromtheListofLocations" time="12.301" classname="com.obsqura.Testscripts.ManageLocationTest"/>
  <system-out/>
</testsuite> <!-- com.obsqura.Testscripts.ManageLocationTest -->
