<?xml version="1.0" encoding="UTF-8"?>
<!-- Generated by org.testng.reporters.JUnitReportReporter -->
<testsuite skipped="0" hostname="DESKTOP-663MT7H" name="com.obsqura.Testscripts.ManageSliderTest" tests="1" failures="0" timestamp="2023-04-28T16:53:17 IST" time="12.400" errors="0">
  <testcase name="addnewSliderDetilstotheSliderPage" time="12.400" classname="com.obsqura.Testscripts.ManageSliderTest"/>
  <system-out/>
</testsuite> <!-- com.obsqura.Testscripts.ManageSliderTest -->
