<?xml version="1.0" encoding="UTF-8"?>
<!-- Generated by org.testng.reporters.JUnitReportReporter -->
<testsuite skipped="0" hostname="DESKTOP-663MT7H" name="com.obsqura.Testscripts.MobileSliderTest" tests="1" failures="0" timestamp="2023-05-01T13:33:29 IST" time="14.443" errors="0">
  <testcase name="deletedetailsofMobileSliderList" time="14.443" classname="com.obsqura.Testscripts.MobileSliderTest"/>
  <system-out/>
</testsuite> <!-- com.obsqura.Testscripts.MobileSliderTest -->
