<?xml version="1.0" encoding="UTF-8"?>
<!-- Generated by org.testng.reporters.JUnitReportReporter -->
<testsuite skipped="0" hostname="DESKTOP-663MT7H" name="com.obsqura.Testscripts.ManageContactTest" tests="1" failures="0" timestamp="2023-05-01T13:33:29 IST" time="13.436" errors="0">
  <testcase name="editManageContactDetails" time="13.436" classname="com.obsqura.Testscripts.ManageContactTest"/>
  <system-out/>
</testsuite> <!-- com.obsqura.Testscripts.ManageContactTest -->
