<?xml version="1.0" encoding="UTF-8"?>
<!-- Generated by org.testng.reporters.JUnitReportReporter -->
<testsuite skipped="0" hostname="DESKTOP-663MT7H" name="com.obsqura.Testscripts.ManageFooterTextTest" tests="1" failures="0" timestamp="2023-05-01T13:33:29 IST" time="18.565" errors="0">
  <testcase name="editAndUpdatemanagefootertext" time="18.565" classname="com.obsqura.Testscripts.ManageFooterTextTest"/>
  <system-out/>
</testsuite> <!-- com.obsqura.Testscripts.ManageFooterTextTest -->
