<?xml version="1.0" encoding="UTF-8"?>
<!-- Generated by org.testng.reporters.JUnitReportReporter -->
<testsuite skipped="0" hostname="DESKTOP-663MT7H" name="com.obsqura.Testscripts.ManageExpenseTest" tests="3" failures="0" timestamp="2023-05-01T13:33:29 IST" time="52.055" errors="0">
  <testcase name="clickdeletebuttontoVerifyelementisdeleted" time="22.601" classname="com.obsqura.Testscripts.ManageExpenseTest"/>
  <system-out/>
  <testcase name="expenseCategoryPageupdateDetails" time="15.686" classname="com.obsqura.Testscripts.ManageExpenseTest"/>
  <system-out/>
  <testcase name="clickVieMorebuttontoVerifyDetailsIsDisplayedornot" time="13.768" classname="com.obsqura.Testscripts.ManageExpenseTest"/>
  <system-out/>
</testsuite> <!-- com.obsqura.Testscripts.ManageExpenseTest -->
