<?xml version="1.0" encoding="UTF-8"?>
<!-- Generated by org.testng.reporters.JUnitReportReporter -->
<testsuite skipped="0" hostname="DESKTOP-663MT7H" name="com.obsqura.Testscripts.LoginTest" tests="4" failures="0" timestamp="2023-05-01T13:33:29 IST" time="35.404" errors="0">
  <testcase name="verifyLoginpagewithInValidUsernameAndPassword" time="8.759" classname="com.obsqura.Testscripts.LoginTest"/>
  <system-out/>
  <testcase name="verifyLoginwithValidUseranmeAndPassword" time="11.779" classname="com.obsqura.Testscripts.LoginTest"/>
  <system-out/>
  <testcase name="verifyloginwithInvalidUserName" time="7.792" classname="com.obsqura.Testscripts.LoginTest"/>
  <system-out/>
  <testcase name="verifyloginwithInvalidUserName" time="7.074" classname="com.obsqura.Testscripts.LoginTest"/>
  <system-out/>
</testsuite> <!-- com.obsqura.Testscripts.LoginTest -->
