<?xml version="1.0" encoding="UTF-8"?>
<!-- Generated by org.testng.reporters.JUnitReportReporter -->
<testsuite skipped="0" hostname="DESKTOP-663MT7H" name="com.obsqura.Testscripts.ManagePageTest" tests="3" failures="0" timestamp="2023-05-01T13:33:29 IST" time="38.142" errors="0">
  <testcase name="verifymanageproductNewButtonColorisRed" time="10.986" classname="com.obsqura.Testscripts.ManagePageTest"/>
  <system-out/>
  <testcase name="verifyaddNewPageInthePageList" time="15.279" classname="com.obsqura.Testscripts.ManagePageTest"/>
  <system-out/>
  <testcase name="TocheckWhethersearchElementsisDisplayedintheListPage" time="11.877" classname="com.obsqura.Testscripts.ManagePageTest"/>
  <system-out/>
</testsuite> <!-- com.obsqura.Testscripts.ManagePageTest -->
