<?xml version="1.0" encoding="UTF-8"?>
<!-- Generated by org.testng.reporters.JUnitReportReporter -->
<testsuite skipped="0" hostname="DESKTOP-663MT7H" name="com.obsqura.Testscripts.HomePageTest" tests="2" failures="0" timestamp="2023-05-01T13:33:29 IST" time="23.811" errors="0">
  <testcase name="verifymanageproductMoreInfoLinkisRedirectingToListProductPage" time="13.324" classname="com.obsqura.Testscripts.HomePageTest"/>
  <system-out/>
  <testcase name="verifyTitleisDisplayedOnTheHomePage" time="10.487" classname="com.obsqura.Testscripts.HomePageTest"/>
  <system-out/>
</testsuite> <!-- com.obsqura.Testscripts.HomePageTest -->
