<?xml version="1.0" encoding="UTF-8"?>
<!-- Generated by org.testng.reporters.JUnitReportReporter -->
<testsuite skipped="0" hostname="DESKTOP-663MT7H" name="com.obsqura.Testscripts.DeliveryBoyTest" tests="3" failures="0" timestamp="2023-05-01T13:33:29 IST" time="43.312" errors="0">
  <testcase name="deleteDeliveryboydetailstothDeleiveryBoyPage" time="13.042" classname="com.obsqura.Testscripts.DeliveryBoyTest"/>
  <system-out/>
  <testcase name="addNewDeliveryboydetailstothDeleiveryBoyPage" time="16.041" classname="com.obsqura.Testscripts.DeliveryBoyTest"/>
  <system-out/>
  <testcase name="showDeliveryboyPasswordWhileclickingArrow" time="14.229" classname="com.obsqura.Testscripts.DeliveryBoyTest"/>
  <system-out/>
</testsuite> <!-- com.obsqura.Testscripts.DeliveryBoyTest -->
