<?xml version="1.0" encoding="UTF-8"?>
<!-- Generated by org.testng.reporters.JUnitReportReporter -->
<testsuite skipped="0" hostname="DESKTOP-663MT7H" name="com.obsqura.Testscripts.ManagePaymentTest" tests="3" failures="0" timestamp="2023-05-01T13:33:29 IST" time="37.145" errors="0">
  <testcase name="managePaymentinformationStatusisChangedActiveAndInactive" time="11.834" classname="com.obsqura.Testscripts.ManagePaymentTest"/>
  <system-out/>
  <testcase name="managePaymentinformationEditedtothePaymentPage" time="12.887" classname="com.obsqura.Testscripts.ManagePaymentTest"/>
  <system-out/>
  <testcase name="managePaymentresetButtonverify" time="12.424" classname="com.obsqura.Testscripts.ManagePaymentTest"/>
  <system-out/>
</testsuite> <!-- com.obsqura.Testscripts.ManagePaymentTest -->
