<?xml version="1.0" encoding="UTF-8"?>
<!-- Generated by org.testng.reporters.JUnitReportReporter -->
<testsuite skipped="0" hostname="DESKTOP-663MT7H" name="com.obsqura.Testscripts.AdminUsersTest" tests="4" failures="0" timestamp="2023-05-01T13:33:29 IST" time="70.800" errors="0">
  <testcase name="verifyuserStatusChangeedOrnotWhileClickingLockbutton" time="13.002" classname="com.obsqura.Testscripts.AdminUsersTest"/>
  <system-out/>
  <testcase name="deleteUsersFromtheAdminList" time="19.966" classname="com.obsqura.Testscripts.AdminUsersTest"/>
  <system-out/>
  <testcase name="addNewAdminUsersTotheAdminPage" time="25.131" classname="com.obsqura.Testscripts.AdminUsersTest"/>
  <system-out/>
  <testcase name="verifycancelFunctionalityofThePopUPWhileclickingtheDeleteButton" time="12.701" classname="com.obsqura.Testscripts.AdminUsersTest"/>
  <system-out/>
</testsuite> <!-- com.obsqura.Testscripts.AdminUsersTest -->
