<?xml version="1.0" encoding="UTF-8"?>
<!-- Generated by org.testng.reporters.JUnitReportReporter -->
<testsuite skipped="0" hostname="DESKTOP-663MT7H" name="com.obsqura.Testscripts.ManageOrdersTest" tests="4" failures="0" timestamp="2023-05-01T13:33:29 IST" time="64.821" errors="0">
  <testcase name="toAssignDeliveryboyTotheCustomer" time="13.736" classname="com.obsqura.Testscripts.ManageOrdersTest"/>
  <system-out/>
  <testcase name="changedeliveryStatusOFTheDelivery" time="14.846" classname="com.obsqura.Testscripts.ManageOrdersTest"/>
  <system-out/>
  <testcase name="gotomainListPageWhileclickingbackbutton" time="20.231" classname="com.obsqura.Testscripts.ManageOrdersTest"/>
  <system-out/>
  <testcase name="viewdetailsoftheDeliveryProcess" time="16.008" classname="com.obsqura.Testscripts.ManageOrdersTest"/>
  <system-out/>
</testsuite> <!-- com.obsqura.Testscripts.ManageOrdersTest -->
