<?xml version="1.0" encoding="UTF-8"?>
<!-- Generated by org.testng.reporters.JUnitReportReporter -->
<testsuite skipped="0" hostname="DESKTOP-663MT7H" name="com.obsqura.Testscripts.ManagePaymentTest" tests="3" failures="0" timestamp="2023-04-26T16:25:44 IST" time="31.223" errors="0">
  <testcase name="managePaymentresetButtonverify" time="9.183" classname="com.obsqura.Testscripts.ManagePaymentTest"/>
  <system-out/>
  <testcase name="managePaymentinformationEditedtothePaymentPage" time="12.637" classname="com.obsqura.Testscripts.ManagePaymentTest"/>
  <system-out/>
  <testcase name="managePaymentinformationStatusisChangedActiveAndInactive" time="9.403" classname="com.obsqura.Testscripts.ManagePaymentTest"/>
  <system-out/>
</testsuite> <!-- com.obsqura.Testscripts.ManagePaymentTest -->
