<?xml version="1.0" encoding="UTF-8"?>
<!-- Generated by org.testng.reporters.JUnitReportReporter -->
<testsuite skipped="0" hostname="DESKTOP-663MT7H" name="com.obsqura.Testscripts.LoginTest" tests="4" failures="0" timestamp="2023-04-26T16:25:44 IST" time="32.557" errors="0">
  <testcase name="verifyLoginwithValidUseranmeAndPassword" time="7.327" classname="com.obsqura.Testscripts.LoginTest"/>
  <system-out/>
  <testcase name="verifyloginwithInvalidUserName" time="6.037" classname="com.obsqura.Testscripts.LoginTest"/>
  <system-out/>
  <testcase name="verifyloginwithInvalidUserName" time="9.115" classname="com.obsqura.Testscripts.LoginTest"/>
  <system-out/>
  <testcase name="verifyLoginpagewithInValidUsernameAndPassword" time="10.078" classname="com.obsqura.Testscripts.LoginTest"/>
  <system-out/>
</testsuite> <!-- com.obsqura.Testscripts.LoginTest -->
