<?xml version="1.0" encoding="UTF-8"?>
<!-- Generated by org.testng.reporters.JUnitReportReporter -->
<testsuite skipped="0" hostname="DESKTOP-663MT7H" name="Automation.Testscripts.Base" tests="1" failures="0" timestamp="2023-04-03T23:04:16 IST" time="10.921" errors="0">
  <testcase name="sample" time="10.921" classname="Automation.Testscripts.Base"/>
  <system-out/>
</testsuite> <!-- Automation.Testscripts.Base -->
