<?xml version="1.0" encoding="UTF-8"?>
<!-- Generated by org.testng.reporters.JUnitReportReporter -->
<testsuite skipped="0" hostname="DESKTOP-663MT7H" name="com.obsqura.Testscripts.ManageExpenseTest" tests="2" failures="0" timestamp="2023-04-26T16:25:44 IST" time="21.554" errors="0">
  <testcase name="clickdeletebuttontoVerifyelementisdeleted" time="11.321" classname="com.obsqura.Testscripts.ManageExpenseTest"/>
  <system-out/>
  <testcase name="clickViewMoreArrowAndtocheckdisplaytheDetails" time="10.233" classname="com.obsqura.Testscripts.ManageExpenseTest"/>
  <system-out/>
</testsuite> <!-- com.obsqura.Testscripts.ManageExpenseTest -->
