<?xml version="1.0" encoding="UTF-8"?>
<!-- Generated by org.testng.reporters.JUnitReportReporter -->
<testsuite skipped="0" hostname="DESKTOP-663MT7H" name="Automation.Testscripts.HomePageTest" tests="3" failures="0" timestamp="2023-04-13T02:22:47 IST" time="23.497" errors="0">
  <testcase name="verifymanageproductClick" time="7.230" classname="Automation.Testscripts.HomePageTest"/>
  <system-out/>
  <testcase name="verifybackgroundColorofDashBoard" time="6.508" classname="Automation.Testscripts.HomePageTest"/>
  <system-out/>
  <testcase name="verifyprojectTitle" time="9.759" classname="Automation.Testscripts.HomePageTest"/>
  <system-out/>
</testsuite> <!-- Automation.Testscripts.HomePageTest -->
