<?xml version="1.0" encoding="UTF-8"?>
<!-- Generated by org.testng.reporters.JUnitReportReporter -->
<testsuite skipped="0" hostname="DESKTOP-663MT7H" name="com.obsqura.Testscripts.ManageLocationTest" tests="2" failures="0" timestamp="2023-04-26T16:25:44 IST" time="21.698" errors="0">
  <testcase name="addnewLocationTotheManageLocationPage" time="11.608" classname="com.obsqura.Testscripts.ManageLocationTest"/>
  <system-out/>
  <testcase name="searchLoactionfromtheListofLocations" time="10.090" classname="com.obsqura.Testscripts.ManageLocationTest"/>
  <system-out/>
</testsuite> <!-- com.obsqura.Testscripts.ManageLocationTest -->
