<?xml version="1.0" encoding="UTF-8"?>
<!-- Generated by org.testng.reporters.JUnitReportReporter -->
<testsuite skipped="0" hostname="DESKTOP-663MT7H" name="com.obsqura.Testscripts.ManagePageTest" tests="3" failures="0" timestamp="2023-04-26T16:25:44 IST" time="26.274" errors="0">
  <testcase name="TocheckWhethersearchElementsisDisplayedintheListPage" time="9.708" classname="com.obsqura.Testscripts.ManagePageTest"/>
  <system-out/>
  <testcase name="verifaddNewPageInthePageList" time="9.449" classname="com.obsqura.Testscripts.ManagePageTest"/>
  <system-out/>
  <testcase name="verifymanageproductNewButtonColorisRed" time="7.117" classname="com.obsqura.Testscripts.ManagePageTest"/>
  <system-out/>
</testsuite> <!-- com.obsqura.Testscripts.ManagePageTest -->
