<?xml version="1.0" encoding="UTF-8"?>
<!-- Generated by org.testng.reporters.JUnitReportReporter -->
<testsuite skipped="0" hostname="DESKTOP-663MT7H" name="com.obsqura.Testscripts.DeliveryBoyTest" tests="4" failures="0" timestamp="2023-04-26T16:25:44 IST" time="70.371" errors="0">
  <testcase name="verifyShowPasswordarrowisDisplayPassword" time="8.793" classname="com.obsqura.Testscripts.DeliveryBoyTest"/>
  <system-out/>
  <testcase name="addNewDeliveryboydetailstothDeleiveryBoyPage" time="12.410" classname="com.obsqura.Testscripts.DeliveryBoyTest"/>
  <system-out/>
  <testcase name="deleteDeliveryboydetailstothDeleiveryBoyPage" time="39.180" classname="com.obsqura.Testscripts.DeliveryBoyTest"/>
  <system-out/>
  <testcase name="SearchDeliveryboydetailstothDeleiveryBoyPage" time="9.988" classname="com.obsqura.Testscripts.DeliveryBoyTest"/>
  <system-out/>
</testsuite> <!-- com.obsqura.Testscripts.DeliveryBoyTest -->
