<?xml version="1.0" encoding="UTF-8"?>
<!-- Generated by org.testng.reporters.JUnitReportReporter -->
<testsuite skipped="0" hostname="DESKTOP-663MT7H" name="com.obsqura.Testscripts.MAnageNewsTest" tests="1" failures="0" timestamp="2023-04-26T16:25:44 IST" time="11.364" errors="0">
  <testcase name="addNewNewsinformationtotheNewsPage" time="11.364" classname="com.obsqura.Testscripts.MAnageNewsTest"/>
  <system-out/>
</testsuite> <!-- com.obsqura.Testscripts.MAnageNewsTest -->
