<?xml version="1.0" encoding="UTF-8"?>
<!-- Generated by org.testng.reporters.JUnitReportReporter -->
<testsuite skipped="0" hostname="DESKTOP-663MT7H" name="com.obsqura.Testscripts.HomePageTest" tests="2" failures="0" timestamp="2023-04-26T16:25:44 IST" time="13.923" errors="0">
  <testcase name="verifyTitleisDisplayedOnTheHomePage" time="6.509" classname="com.obsqura.Testscripts.HomePageTest"/>
  <system-out/>
  <testcase name="verifymanageproductMoreInfoLinkisRedirectingToListProductPage" time="7.414" classname="com.obsqura.Testscripts.HomePageTest"/>
  <system-out/>
</testsuite> <!-- com.obsqura.Testscripts.HomePageTest -->
