<?xml version="1.0" encoding="UTF-8"?>
<!-- Generated by org.testng.reporters.JUnitReportReporter -->
<testsuite skipped="0" hostname="DESKTOP-663MT7H" name="com.obsqura.Testscripts.DeliveryBoyTest" tests="1" failures="0" timestamp="2023-04-18T06:24:23 IST" time="16.866" errors="0">
  <testcase name="addDeliveryboydetails" time="16.866" classname="com.obsqura.Testscripts.DeliveryBoyTest"/>
  <system-out/>
</testsuite> <!-- com.obsqura.Testscripts.DeliveryBoyTest -->
