<?xml version="1.0" encoding="UTF-8"?>
<!-- Generated by org.testng.reporters.JUnitReportReporter -->
<testsuite skipped="0" hostname="DESKTOP-663MT7H" name="com.obsqura.Testscripts.HomePageTest" tests="1" failures="0" timestamp="2023-04-18T06:45:24 IST" time="20.193" errors="0">
  <testcase name="verifymanageproductisRedirecting" time="20.193" classname="com.obsqura.Testscripts.HomePageTest"/>
  <system-out/>
</testsuite> <!-- com.obsqura.Testscripts.HomePageTest -->
